<?xml version="1.0" encoding="UTF-8"?>
<!-- Generated by org.testng.reporters.JUnitXMLReporter -->
<testsuite ignored="0" hostname="LAPTOP-APQCE3EE" failures="0" tests="3" name="Default test" time="0.052" errors="0" timestamp="2024-04-14T16:24:59 IST">
  <testcase classname="testcases.Testmodule1" name="testcase1" time="0.007"/>
  <testcase classname="testcases.Testmodule1" name="testcase2" time="0.001"/>
  <testcase classname="testcases.Testmodule1" name="testcase3" time="0.001"/>
</testsuite> <!-- Default test -->
